Nvectensis.XP_032219950.1	100.000	200	0	0	4.61e-148	410	N/A
Nvectensis.XP_032238384.1	84.255	235	2	1	2.76e-126	357	N/A
Hsapiens.NP_002117.1	49.451	91	46	0	1.60e-20	89.0	hepatic leukemia factor isoform 1
Aplanci.XP_022103079.1	35.079	191	86	5	1.85e-20	88.6	N/A
Hsapiens.NP_001343.2	51.648	91	44	0	1.08e-19	87.0	D site-binding protein
Bbelcheri.XP_019621754.1	53.012	83	39	0	1.36e-19	86.3	N/A
Myessoensis.XP_021364925.1	48.276	87	45	0	7.94e-19	84.3	N/A
Bbelcheri.XP_019614533.1	53.571	84	39	0	1.48e-18	83.2	N/A
Hsapiens.NP_003207.1	54.054	74	34	0	2.32e-18	83.2	thyrotroph embryonic factor isoform 1
Hvulgaris.XP_002167159.1	47.059	85	45	0	4.44e-18	80.5	N/A
Nvectensis.XP_032223208.1	40.000	125	63	3	1.54e-17	79.7	N/A
Hvulgaris.XP_012556167.1	38.261	115	70	1	3.53e-15	73.9	N/A
Dgigantea.XP_028401211.1	43.182	88	48	1	7.71e-15	71.6	N/A
Bbelcheri.XP_019634446.1	45.833	72	39	0	1.19e-13	70.9	N/A
Dgigantea.XP_028401709.1	30.952	168	78	5	2.01e-13	67.8	N/A
Aplanci.XP_022093088.1	50.000	76	38	0	3.20e-13	69.3	N/A
Myessoensis.XP_021349705.1	49.333	75	37	1	3.74e-13	69.3	N/A
Myessoensis.XP_021373998.1	37.000	100	50	1	5.17e-13	68.2	N/A
Myessoensis.XP_021379683.1	50.725	69	34	0	5.92e-13	67.4	N/A
Aplanci.XP_022096965.1	48.052	77	38	1	6.50e-13	67.4	N/A
Myessoensis.XP_021343977.1	50.704	71	32	1	1.10e-12	66.6	N/A
Bbelcheri.XP_019642505.1	46.250	80	41	1	9.13e-12	64.7	N/A
Nvectensis.XP_032223018.1	43.023	86	42	2	5.83e-11	62.4	N/A
Myessoensis.XP_021354724.1	41.558	77	39	1	9.00e-11	62.4	N/A
Dgigantea.XP_028409085.1	49.206	63	32	0	1.11e-10	62.0	N/A
Aplanci.XP_022087866.1	36.735	98	51	1	2.34e-10	61.2	N/A
Hsapiens.NP_005375.2	47.541	61	32	0	3.32e-10	60.8	nuclear factor interleukin-3-regulated protein
Hsapiens.NP_001365529.1	45.455	66	36	0	3.86e-09	57.0	NFIL3 like protein
Hvulgaris.XP_002159994.1	41.667	84	49	0	4.91e-09	56.2	N/A
Myessoensis.XP_021357098.1	41.538	65	38	0	6.12e-09	56.6	N/A
Aplanci.XP_022084663.1	43.836	73	41	0	1.02e-08	56.2	N/A
Dgigantea.XP_028406664.1	47.692	65	34	0	3.37e-08	54.3	N/A
Aplanci.XP_022090824.1	46.667	60	32	0	6.16e-08	53.9	N/A
Myessoensis.XP_021359505.1	38.272	81	43	1	9.26e-08	53.5	N/A
Nvectensis.XP_001634510.1	36.000	75	46	1	1.01e-07	52.8	N/A
Nvectensis.XP_032219876.1	40.000	60	36	0	1.14e-07	53.1	N/A
Myessoensis.XP_021356922.1	46.774	62	33	0	2.86e-06	48.9	N/A
Bbelcheri.XP_019645533.1	39.394	66	40	0	6.03e-06	47.4	N/A
Bbelcheri.XP_019628754.1	38.272	81	48	2	2.98e-05	45.4	N/A
Aplanci.XP_022111261.1	39.286	56	34	0	4.85e-05	45.1	N/A
Hsapiens.NP_061134.1	40.299	67	40	0	5.98e-05	43.5	basic leucine zipper transcriptional factor ATF-like 3
Aplanci.XP_022105174.1	34.375	64	42	0	6.50e-05	44.3	N/A
Nvectensis.XP_032239608.1	38.333	60	36	1	1.51e-04	43.9	N/A
Hsapiens.NP_005185.2	36.000	75	47	1	1.85e-04	43.5	CCAAT/enhancer-binding protein beta isoform a
Bbelcheri.XP_019629258.1	30.769	78	42	1	3.22e-04	42.7	N/A
Hsapiens.NP_004355.2	42.553	47	27	0	3.54e-04	42.7	CCAAT/enhancer-binding protein alpha isoform a
Hsapiens.NP_006390.1	41.071	56	33	0	5.93e-04	40.4	basic leucine zipper transcriptional factor ATF-like
Nvectensis.XP_032222133.1	37.879	66	40	1	6.58e-04	42.0	N/A
Hvulgaris.XP_002164910.2	37.931	58	29	1	0.002	40.8	N/A
Dgigantea.XP_028403102.1	36.885	122	64	4	0.005	39.3	N/A
Hvulgaris.XP_002159354.2	28.571	63	45	0	0.006	39.3	N/A
Hsapiens.NP_001796.2	40.426	47	28	0	0.006	38.9	CCAAT/enhancer-binding protein epsilon
Aplanci.XP_022111262.1	36.364	55	34	1	0.009	38.1	N/A
Nvectensis.XP_032234540.1	33.333	81	52	1	0.012	37.7	N/A
Hsapiens.NP_005186.2	35.294	68	43	1	0.017	37.7	CCAAT/enhancer-binding protein delta
Hvulgaris.XP_004209260.1	30.000	60	42	0	0.030	37.0	N/A
Dgigantea.XP_028396276.1	40.000	55	26	1	0.035	36.6	N/A
Dgigantea.XP_028396703.1	36.207	58	37	0	0.042	36.2	N/A
Myessoensis.XP_021379242.1	39.062	64	38	1	0.047	35.0	N/A
Hsapiens.NP_878901.2	30.380	79	53	1	0.061	36.2	cyclic AMP-responsive element-binding protein 5 isoform alpha
Myessoensis.XP_021379278.1	32.911	79	41	2	0.11	35.4	N/A
Hsapiens.NP_001797.1	33.333	69	46	0	0.12	34.3	CCAAT/enhancer-binding protein gamma
Nvectensis.XP_001629744.1	33.871	62	41	0	0.15	34.7	N/A
Dgigantea.XP_028406756.1	34.615	78	38	3	0.17	34.7	N/A
Nvectensis.XP_032238357.1	40.909	44	26	0	0.18	34.3	N/A
Nvectensis.XP_001640903.1	29.508	61	43	0	0.18	34.7	N/A
Dgigantea.XP_028407117.1	28.571	98	67	2	0.25	34.3	N/A
Aplanci.XP_022085410.1	29.870	77	51	1	0.40	33.9	N/A
Hsapiens.NP_001073007.1	32.857	70	44	1	0.42	33.5	X-box-binding protein 1 isoform XBP1(S)
Hsapiens.NP_877962.1	33.824	68	38	1	0.44	33.5	cyclic AMP-dependent transcription factor ATF-4
Aplanci.XP_022106412.1	35.616	73	45	1	0.60	32.7	N/A
Hvulgaris.XP_002164197.2	29.545	88	60	1	0.74	32.7	N/A
Hvulgaris.XP_012554216.1	38.710	31	19	0	0.77	33.1	N/A
Dgigantea.XP_028416816.1	30.303	66	46	0	0.82	32.7	N/A
Bbelcheri.XP_019618101.1	30.233	86	50	2	0.86	32.7	N/A
Bbelcheri.XP_019617892.1	34.921	63	34	3	1.1	32.3	N/A
Hvulgaris.XP_002162708.1	32.877	73	43	2	1.2	32.0	N/A
Dgigantea.XP_028402247.1	65.217	23	8	0	1.2	32.3	N/A
Dgigantea.XP_028398759.1	31.746	63	43	0	1.2	31.6	N/A
Myessoensis.XP_021361971.1	29.333	75	53	0	1.2	32.3	N/A
Dgigantea.XP_028398799.1	33.929	56	37	0	1.2	31.6	N/A
Nvectensis.XP_032219206.1	38.462	39	24	0	1.5	32.0	N/A
Myessoensis.XP_021359941.1	33.333	63	42	0	2.0	30.8	N/A
Hsapiens.NP_612465.3	37.778	45	28	0	2.4	31.2	basic leucine zipper transcriptional factor ATF-like 2 isoform 1
Hsapiens.NP_000115.1	42.222	45	19	2	2.6	31.6	DNA excision repair protein ERCC-6 isoform 2
Hvulgaris.XP_012558424.1	32.727	55	37	0	2.7	30.0	N/A
Nvectensis.XP_032233500.1	29.577	71	45	2	3.1	31.2	N/A
Hvulgaris.XP_012557446.1	40.385	52	30	1	3.5	30.8	N/A
Myessoensis.XP_021348212.1	34.921	63	37	1	3.8	30.0	N/A
Bbelcheri.XP_019631421.1	26.316	57	42	0	4.0	30.4	N/A
Dgigantea.XP_028416779.1	60.870	23	9	0	4.0	30.8	N/A
Nvectensis.XP_032241409.1	30.909	55	38	0	4.8	29.6	N/A
Aplanci.XP_022103700.1	45.161	31	17	0	6.0	30.4	N/A
Nvectensis.XP_001631143.2	28.736	87	54	2	6.1	29.6	N/A
Bbelcheri.XP_019640519.1	37.500	32	20	0	6.4	30.0	N/A
Dgigantea.XP_028406022.1	28.070	57	41	0	7.2	30.0	N/A
Myessoensis.XP_021369507.1	26.761	71	51	1	7.3	29.6	N/A
Nvectensis.XP_032228426.1	55.556	36	12	2	7.9	30.0	N/A
Nvectensis.XP_032218998.1	26.316	57	42	0	8.1	29.6	N/A
Nvectensis.XP_032229920.1	26.316	57	42	0	8.4	29.6	N/A
Hsapiens.NP_001351834.1	50.000	26	13	0	8.6	29.6	lipopolysaccharide-responsive and beige-like anchor protein isoform 3
