Nvectensis.XP_032219950.1
Nvectensis.XP_032238384.1
Hsapiens.NP_002117.1
Aplanci.XP_022103079.1
Hsapiens.NP_001343.2
Bbelcheri.XP_019621754.1
Myessoensis.XP_021364925.1
Bbelcheri.XP_019614533.1
Hsapiens.NP_003207.1
Hvulgaris.XP_002167159.1
Nvectensis.XP_032223208.1
Hvulgaris.XP_012556167.1
Dgigantea.XP_028401211.1
Bbelcheri.XP_019634446.1
Dgigantea.XP_028401709.1
Aplanci.XP_022093088.1
Myessoensis.XP_021349705.1
Myessoensis.XP_021373998.1
Myessoensis.XP_021379683.1
Aplanci.XP_022096965.1
Myessoensis.XP_021343977.1
Bbelcheri.XP_019642505.1
Nvectensis.XP_032223018.1
Myessoensis.XP_021354724.1
